{"/Users/ruben/Documents/Etudes/3eme_annee/SAE_Embedding/GlossAI/frontend/src/lib/confirmModal.js": {"path":"/Users/ruben/Documents/Etudes/3eme_annee/SAE_Embedding/GlossAI/frontend/src/lib/confirmModal.js","statementMap":{"0":{"start":{"line":4,"column":8},"end":{"line":4,"column":null}},"1":{"start":{"line":5,"column":8},"end":{"line":5,"column":null}},"2":{"start":{"line":6,"column":8},"end":{"line":6,"column":null}},"3":{"start":{"line":7,"column":8},"end":{"line":7,"column":null}},"4":{"start":{"line":12,"column":8},"end":{"line":12,"column":null}},"5":{"start":{"line":13,"column":8},"end":{"line":13,"column":null}},"6":{"start":{"line":14,"column":8},"end":{"line":14,"column":null}},"7":{"start":{"line":15,"column":8},"end":{"line":41,"column":null}},"8":{"start":{"line":44,"column":8},"end":{"line":44,"column":null}},"9":{"start":{"line":47,"column":24},"end":{"line":47,"column":72}},"10":{"start":{"line":48,"column":26},"end":{"line":48,"column":71}},"11":{"start":{"line":49,"column":22},"end":{"line":49,"column":63}},"12":{"start":{"line":51,"column":27},"end":{"line":54,"column":9}},"13":{"start":{"line":52,"column":12},"end":{"line":52,"column":null}},"14":{"start":{"line":53,"column":12},"end":{"line":53,"column":null}},"15":{"start":{"line":56,"column":8},"end":{"line":59,"column":null}},"16":{"start":{"line":57,"column":12},"end":{"line":57,"column":null}},"17":{"start":{"line":58,"column":12},"end":{"line":58,"column":null}},"18":{"start":{"line":58,"column":29},"end":{"line":58,"column":null}},"19":{"start":{"line":61,"column":8},"end":{"line":64,"column":null}},"20":{"start":{"line":62,"column":12},"end":{"line":62,"column":null}},"21":{"start":{"line":63,"column":12},"end":{"line":63,"column":null}},"22":{"start":{"line":63,"column":29},"end":{"line":63,"column":null}},"23":{"start":{"line":66,"column":8},"end":{"line":69,"column":null}},"24":{"start":{"line":67,"column":12},"end":{"line":67,"column":null}},"25":{"start":{"line":68,"column":12},"end":{"line":68,"column":null}},"26":{"start":{"line":68,"column":30},"end":{"line":68,"column":null}},"27":{"start":{"line":72,"column":8},"end":{"line":77,"column":null}},"28":{"start":{"line":73,"column":12},"end":{"line":76,"column":null}},"29":{"start":{"line":74,"column":16},"end":{"line":74,"column":null}},"30":{"start":{"line":75,"column":16},"end":{"line":75,"column":null}},"31":{"start":{"line":75,"column":33},"end":{"line":75,"column":null}},"32":{"start":{"line":81,"column":8},"end":{"line":91,"column":null}},"33":{"start":{"line":82,"column":12},"end":{"line":82,"column":null}},"34":{"start":{"line":83,"column":12},"end":{"line":83,"column":null}},"35":{"start":{"line":86,"column":12},"end":{"line":86,"column":null}},"36":{"start":{"line":89,"column":12},"end":{"line":89,"column":null}},"37":{"start":{"line":90,"column":12},"end":{"line":90,"column":null}}},"fnMap":{"0":{"name":"(anonymous_0)","decl":{"start":{"line":3,"column":4},"end":{"line":3,"column":15}},"loc":{"start":{"line":3,"column":18},"end":{"line":8,"column":null}},"line":3},"1":{"name":"(anonymous_1)","decl":{"start":{"line":10,"column":4},"end":{"line":10,"column":8}},"loc":{"start":{"line":10,"column":11},"end":{"line":78,"column":null}},"line":10},"2":{"name":"(anonymous_2)","decl":{"start":{"line":51,"column":27},"end":{"line":51,"column":28}},"loc":{"start":{"line":51,"column":33},"end":{"line":54,"column":9}},"line":51},"3":{"name":"(anonymous_3)","decl":{"start":{"line":56,"column":42},"end":{"line":56,"column":43}},"loc":{"start":{"line":56,"column":48},"end":{"line":59,"column":9}},"line":56},"4":{"name":"(anonymous_4)","decl":{"start":{"line":61,"column":44},"end":{"line":61,"column":45}},"loc":{"start":{"line":61,"column":50},"end":{"line":64,"column":9}},"line":61},"5":{"name":"(anonymous_5)","decl":{"start":{"line":66,"column":40},"end":{"line":66,"column":41}},"loc":{"start":{"line":66,"column":46},"end":{"line":69,"column":9}},"line":66},"6":{"name":"(anonymous_6)","decl":{"start":{"line":72,"column":45},"end":{"line":72,"column":46}},"loc":{"start":{"line":72,"column":52},"end":{"line":77,"column":9}},"line":72},"7":{"name":"(anonymous_7)","decl":{"start":{"line":80,"column":4},"end":{"line":80,"column":8}},"loc":{"start":{"line":80,"column":18},"end":{"line":92,"column":null}},"line":80},"8":{"name":"(anonymous_8)","decl":{"start":{"line":81,"column":27},"end":{"line":81,"column":28}},"loc":{"start":{"line":81,"column":48},"end":{"line":91,"column":9}},"line":81}},"branchMap":{"0":{"loc":{"start":{"line":58,"column":12},"end":{"line":58,"column":null}},"type":"if","locations":[{"start":{"line":58,"column":12},"end":{"line":58,"column":null}},{"start":{},"end":{}}],"line":58},"1":{"loc":{"start":{"line":63,"column":12},"end":{"line":63,"column":null}},"type":"if","locations":[{"start":{"line":63,"column":12},"end":{"line":63,"column":null}},{"start":{},"end":{}}],"line":63},"2":{"loc":{"start":{"line":68,"column":12},"end":{"line":68,"column":null}},"type":"if","locations":[{"start":{"line":68,"column":12},"end":{"line":68,"column":null}},{"start":{},"end":{}}],"line":68},"3":{"loc":{"start":{"line":73,"column":12},"end":{"line":76,"column":null}},"type":"if","locations":[{"start":{"line":73,"column":12},"end":{"line":76,"column":null}},{"start":{},"end":{}}],"line":73},"4":{"loc":{"start":{"line":73,"column":16},"end":{"line":73,"column":78}},"type":"binary-expr","locations":[{"start":{"line":73,"column":16},"end":{"line":73,"column":34}},{"start":{"line":73,"column":38},"end":{"line":73,"column":78}}],"line":73},"5":{"loc":{"start":{"line":75,"column":16},"end":{"line":75,"column":null}},"type":"if","locations":[{"start":{"line":75,"column":16},"end":{"line":75,"column":null}},{"start":{},"end":{}}],"line":75}},"s":{"0":0,"1":0,"2":0,"3":0,"4":0,"5":0,"6":0,"7":0,"8":0,"9":0,"10":0,"11":0,"12":0,"13":0,"14":0,"15":0,"16":0,"17":0,"18":0,"19":0,"20":0,"21":0,"22":0,"23":0,"24":0,"25":0,"26":0,"27":0,"28":0,"29":0,"30":0,"31":0,"32":0,"33":0,"34":0,"35":0,"36":0,"37":0},"f":{"0":0,"1":0,"2":0,"3":0,"4":0,"5":0,"6":0,"7":0,"8":0},"b":{"0":[0,0],"1":[0,0],"2":[0,0],"3":[0,0],"4":[0,0],"5":[0,0]},"meta":{"lastBranch":6,"lastFunction":9,"lastStatement":38,"seen":{"f:3:4:3:15":0,"s:4:8:4:Infinity":0,"s:5:8:5:Infinity":1,"s:6:8:6:Infinity":2,"s:7:8:7:Infinity":3,"f:10:4:10:8":1,"s:12:8:12:Infinity":4,"s:13:8:13:Infinity":5,"s:14:8:14:Infinity":6,"s:15:8:41:Infinity":7,"s:44:8:44:Infinity":8,"s:47:24:47:72":9,"s:48:26:48:71":10,"s:49:22:49:63":11,"s:51:27:54:9":12,"f:51:27:51:28":2,"s:52:12:52:Infinity":13,"s:53:12:53:Infinity":14,"s:56:8:59:Infinity":15,"f:56:42:56:43":3,"s:57:12:57:Infinity":16,"b:58:12:58:Infinity:undefined:undefined:undefined:undefined":0,"s:58:12:58:Infinity":17,"s:58:29:58:Infinity":18,"s:61:8:64:Infinity":19,"f:61:44:61:45":4,"s:62:12:62:Infinity":20,"b:63:12:63:Infinity:undefined:undefined:undefined:undefined":1,"s:63:12:63:Infinity":21,"s:63:29:63:Infinity":22,"s:66:8:69:Infinity":23,"f:66:40:66:41":5,"s:67:12:67:Infinity":24,"b:68:12:68:Infinity:undefined:undefined:undefined:undefined":2,"s:68:12:68:Infinity":25,"s:68:30:68:Infinity":26,"s:72:8:77:Infinity":27,"f:72:45:72:46":6,"b:73:12:76:Infinity:undefined:undefined:undefined:undefined":3,"s:73:12:76:Infinity":28,"b:73:16:73:34:73:38:73:78":4,"s:74:16:74:Infinity":29,"b:75:16:75:Infinity:undefined:undefined:undefined:undefined":5,"s:75:16:75:Infinity":30,"s:75:33:75:Infinity":31,"f:80:4:80:8":7,"s:81:8:91:Infinity":32,"f:81:27:81:28":8,"s:82:12:82:Infinity":33,"s:83:12:83:Infinity":34,"s:86:12:86:Infinity":35,"s:89:12:89:Infinity":36,"s:90:12:90:Infinity":37}}}
,"/Users/ruben/Documents/Etudes/3eme_annee/SAE_Embedding/GlossAI/frontend/src/lib/deleteUtils.js": {"path":"/Users/ruben/Documents/Etudes/3eme_annee/SAE_Embedding/GlossAI/frontend/src/lib/deleteUtils.js","statementMap":{"0":{"start":{"line":6,"column":8},"end":{"line":6,"column":null}},"1":{"start":{"line":10,"column":8},"end":{"line":20,"column":null}},"2":{"start":{"line":11,"column":30},"end":{"line":11,"column":67}},"3":{"start":{"line":12,"column":12},"end":{"line":15,"column":null}},"4":{"start":{"line":13,"column":16},"end":{"line":13,"column":null}},"5":{"start":{"line":14,"column":16},"end":{"line":14,"column":null}},"6":{"start":{"line":16,"column":12},"end":{"line":16,"column":null}},"7":{"start":{"line":18,"column":12},"end":{"line":18,"column":null}},"8":{"start":{"line":19,"column":12},"end":{"line":19,"column":null}},"9":{"start":{"line":25,"column":24},"end":{"line":25,"column":68}},"10":{"start":{"line":27,"column":8},"end":{"line":47,"column":null}},"11":{"start":{"line":29,"column":31},"end":{"line":29,"column":83}},"12":{"start":{"line":30,"column":34},"end":{"line":30,"column":80}},"13":{"start":{"line":30,"column":60},"end":{"line":30,"column":79}},"14":{"start":{"line":32,"column":12},"end":{"line":45,"column":null}},"15":{"start":{"line":34,"column":16},"end":{"line":34,"column":null}},"16":{"start":{"line":34,"column":94},"end":{"line":34,"column":109}},"17":{"start":{"line":37,"column":16},"end":{"line":37,"column":null}},"18":{"start":{"line":40,"column":16},"end":{"line":42,"column":null}},"19":{"start":{"line":41,"column":20},"end":{"line":41,"column":null}},"20":{"start":{"line":44,"column":16},"end":{"line":44,"column":null}},"21":{"start":{"line":46,"column":12},"end":{"line":46,"column":null}},"22":{"start":{"line":52,"column":24},"end":{"line":52,"column":72}},"23":{"start":{"line":54,"column":8},"end":{"line":70,"column":null}},"24":{"start":{"line":56,"column":31},"end":{"line":56,"column":83}},"25":{"start":{"line":59,"column":38},"end":{"line":59,"column":81}},"26":{"start":{"line":59,"column":61},"end":{"line":59,"column":80}},"27":{"start":{"line":62,"column":12},"end":{"line":62,"column":null}},"28":{"start":{"line":65,"column":12},"end":{"line":67,"column":null}},"29":{"start":{"line":66,"column":16},"end":{"line":66,"column":null}},"30":{"start":{"line":69,"column":12},"end":{"line":69,"column":null}}},"fnMap":{"0":{"name":"(anonymous_0)","decl":{"start":{"line":5,"column":4},"end":{"line":5,"column":15}},"loc":{"start":{"line":5,"column":18},"end":{"line":7,"column":null}},"line":5},"1":{"name":"(anonymous_1)","decl":{"start":{"line":9,"column":10},"end":{"line":9,"column":20}},"loc":{"start":{"line":9,"column":46},"end":{"line":21,"column":null}},"line":9},"2":{"name":"(anonymous_2)","decl":{"start":{"line":24,"column":10},"end":{"line":24,"column":20}},"loc":{"start":{"line":24,"column":57},"end":{"line":48,"column":null}},"line":24},"3":{"name":"(anonymous_3)","decl":{"start":{"line":27,"column":46},"end":{"line":27,"column":51}},"loc":{"start":{"line":27,"column":58},"end":{"line":47,"column":9}},"line":27},"4":{"name":"(anonymous_4)","decl":{"start":{"line":30,"column":55},"end":{"line":30,"column":56}},"loc":{"start":{"line":30,"column":60},"end":{"line":30,"column":79}},"line":30},"5":{"name":"(anonymous_5)","decl":{"start":{"line":34,"column":89},"end":{"line":34,"column":90}},"loc":{"start":{"line":34,"column":94},"end":{"line":34,"column":109}},"line":34},"6":{"name":"(anonymous_6)","decl":{"start":{"line":51,"column":10},"end":{"line":51,"column":24}},"loc":{"start":{"line":51,"column":53},"end":{"line":71,"column":null}},"line":51},"7":{"name":"(anonymous_7)","decl":{"start":{"line":54,"column":46},"end":{"line":54,"column":51}},"loc":{"start":{"line":54,"column":58},"end":{"line":70,"column":9}},"line":54},"8":{"name":"(anonymous_8)","decl":{"start":{"line":59,"column":56},"end":{"line":59,"column":57}},"loc":{"start":{"line":59,"column":61},"end":{"line":59,"column":80}},"line":59}},"branchMap":{"0":{"loc":{"start":{"line":12,"column":12},"end":{"line":15,"column":null}},"type":"if","locations":[{"start":{"line":12,"column":12},"end":{"line":15,"column":null}},{"start":{},"end":{}}],"line":12},"1":{"loc":{"start":{"line":29,"column":31},"end":{"line":29,"column":83}},"type":"binary-expr","locations":[{"start":{"line":29,"column":31},"end":{"line":29,"column":77}},{"start":{"line":29,"column":81},"end":{"line":29,"column":83}}],"line":29},"2":{"loc":{"start":{"line":32,"column":12},"end":{"line":45,"column":null}},"type":"if","locations":[{"start":{"line":32,"column":12},"end":{"line":45,"column":null}},{"start":{},"end":{}}],"line":32},"3":{"loc":{"start":{"line":40,"column":16},"end":{"line":42,"column":null}},"type":"if","locations":[{"start":{"line":40,"column":16},"end":{"line":42,"column":null}},{"start":{},"end":{}}],"line":40},"4":{"loc":{"start":{"line":56,"column":31},"end":{"line":56,"column":83}},"type":"binary-expr","locations":[{"start":{"line":56,"column":31},"end":{"line":56,"column":77}},{"start":{"line":56,"column":81},"end":{"line":56,"column":83}}],"line":56},"5":{"loc":{"start":{"line":65,"column":12},"end":{"line":67,"column":null}},"type":"if","locations":[{"start":{"line":65,"column":12},"end":{"line":67,"column":null}},{"start":{},"end":{}}],"line":65}},"s":{"0":0,"1":0,"2":0,"3":0,"4":0,"5":0,"6":0,"7":0,"8":0,"9":0,"10":0,"11":0,"12":0,"13":0,"14":0,"15":0,"16":0,"17":0,"18":0,"19":0,"20":0,"21":0,"22":0,"23":0,"24":0,"25":0,"26":0,"27":0,"28":0,"29":0,"30":0},"f":{"0":0,"1":0,"2":0,"3":0,"4":0,"5":0,"6":0,"7":0,"8":0},"b":{"0":[0,0],"1":[0,0],"2":[0,0],"3":[0,0],"4":[0,0],"5":[0,0]},"meta":{"lastBranch":6,"lastFunction":9,"lastStatement":31,"seen":{"f:5:4:5:15":0,"s:6:8:6:Infinity":0,"f:9:10:9:20":1,"s:10:8:20:Infinity":1,"s:11:30:11:67":2,"b:12:12:15:Infinity:undefined:undefined:undefined:undefined":0,"s:12:12:15:Infinity":3,"s:13:16:13:Infinity":4,"s:14:16:14:Infinity":5,"s:16:12:16:Infinity":6,"s:18:12:18:Infinity":7,"s:19:12:19:Infinity":8,"f:24:10:24:20":2,"s:25:24:25:68":9,"s:27:8:47:Infinity":10,"f:27:46:27:51":3,"s:29:31:29:83":11,"b:29:31:29:77:29:81:29:83":1,"s:30:34:30:80":12,"f:30:55:30:56":4,"s:30:60:30:79":13,"b:32:12:45:Infinity:undefined:undefined:undefined:undefined":2,"s:32:12:45:Infinity":14,"s:34:16:34:Infinity":15,"f:34:89:34:90":5,"s:34:94:34:109":16,"s:37:16:37:Infinity":17,"b:40:16:42:Infinity:undefined:undefined:undefined:undefined":3,"s:40:16:42:Infinity":18,"s:41:20:41:Infinity":19,"s:44:16:44:Infinity":20,"s:46:12:46:Infinity":21,"f:51:10:51:24":6,"s:52:24:52:72":22,"s:54:8:70:Infinity":23,"f:54:46:54:51":7,"s:56:31:56:83":24,"b:56:31:56:77:56:81:56:83":4,"s:59:38:59:81":25,"f:59:56:59:57":8,"s:59:61:59:80":26,"s:62:12:62:Infinity":27,"b:65:12:67:Infinity:undefined:undefined:undefined:undefined":5,"s:65:12:67:Infinity":28,"s:66:16:66:Infinity":29,"s:69:12:69:Infinity":30}}}
,"/Users/ruben/Documents/Etudes/3eme_annee/SAE_Embedding/GlossAI/frontend/src/lib/exportDocuments.js": {"path":"/Users/ruben/Documents/Etudes/3eme_annee/SAE_Embedding/GlossAI/frontend/src/lib/exportDocuments.js","statementMap":{"0":{"start":{"line":2,"column":2},"end":{"line":4,"column":null}},"1":{"start":{"line":2,"column":47},"end":{"line":2,"column":99}},"2":{"start":{"line":3,"column":4},"end":{"line":3,"column":null}},"3":{"start":{"line":6,"column":17},"end":{"line":6,"column":33}},"4":{"start":{"line":9,"column":2},"end":{"line":11,"column":null}},"5":{"start":{"line":10,"column":4},"end":{"line":10,"column":null}},"6":{"start":{"line":14,"column":2},"end":{"line":14,"column":null}},"7":{"start":{"line":15,"column":2},"end":{"line":15,"column":null}},"8":{"start":{"line":17,"column":20},"end":{"line":17,"column":48}},"9":{"start":{"line":18,"column":23},"end":{"line":18,"column":68}},"10":{"start":{"line":18,"column":46},"end":{"line":18,"column":51}},"11":{"start":{"line":20,"column":19},"end":{"line":28,"column":15}},"12":{"start":{"line":21,"column":25},"end":{"line":26,"column":6}},"13":{"start":{"line":22,"column":6},"end":{"line":24,"column":null}},"14":{"start":{"line":23,"column":8},"end":{"line":23,"column":null}},"15":{"start":{"line":25,"column":6},"end":{"line":25,"column":null}},"16":{"start":{"line":27,"column":4},"end":{"line":27,"column":null}},"17":{"start":{"line":30,"column":24},"end":{"line":30,"column":84}},"18":{"start":{"line":32,"column":15},"end":{"line":32,"column":81}},"19":{"start":{"line":33,"column":14},"end":{"line":33,"column":39}},"20":{"start":{"line":34,"column":15},"end":{"line":34,"column":42}},"21":{"start":{"line":35,"column":2},"end":{"line":35,"column":null}},"22":{"start":{"line":36,"column":2},"end":{"line":36,"column":null}},"23":{"start":{"line":37,"column":2},"end":{"line":37,"column":null}},"24":{"start":{"line":38,"column":2},"end":{"line":38,"column":null}},"25":{"start":{"line":39,"column":2},"end":{"line":39,"column":null}},"26":{"start":{"line":40,"column":2},"end":{"line":40,"column":null}},"27":{"start":{"line":44,"column":16},"end":{"line":44,"column":78}},"28":{"start":{"line":44,"column":59},"end":{"line":44,"column":77}},"29":{"start":{"line":47,"column":20},"end":{"line":47,"column":60}},"30":{"start":{"line":47,"column":39},"end":{"line":47,"column":59}},"31":{"start":{"line":48,"column":2},"end":{"line":48,"column":null}},"32":{"start":{"line":48,"column":18},"end":{"line":48,"column":null}},"33":{"start":{"line":49,"column":16},"end":{"line":49,"column":46}},"34":{"start":{"line":52,"column":20},"end":{"line":52,"column":22}},"35":{"start":{"line":53,"column":26},"end":{"line":53,"column":81}},"36":{"start":{"line":53,"column":45},"end":{"line":53,"column":80}},"37":{"start":{"line":54,"column":2},"end":{"line":56,"column":null}},"38":{"start":{"line":55,"column":4},"end":{"line":55,"column":null}},"39":{"start":{"line":59,"column":21},"end":{"line":59,"column":73}},"40":{"start":{"line":59,"column":45},"end":{"line":59,"column":72}},"41":{"start":{"line":60,"column":2},"end":{"line":60,"column":null}},"42":{"start":{"line":60,"column":25},"end":{"line":60,"column":null}},"43":{"start":{"line":63,"column":18},"end":{"line":66,"column":29}},"44":{"start":{"line":65,"column":20},"end":{"line":65,"column":38}},"45":{"start":{"line":66,"column":17},"end":{"line":66,"column":28}},"46":{"start":{"line":69,"column":15},"end":{"line":69,"column":17}},"47":{"start":{"line":70,"column":2},"end":{"line":81,"column":null}},"48":{"start":{"line":70,"column":15},"end":{"line":70,"column":29}},"49":{"start":{"line":71,"column":4},"end":{"line":71,"column":null}},"50":{"start":{"line":71,"column":42},"end":{"line":71,"column":null}},"51":{"start":{"line":73,"column":16},"end":{"line":76,"column":31}},"52":{"start":{"line":75,"column":22},"end":{"line":75,"column":40}},"53":{"start":{"line":76,"column":19},"end":{"line":76,"column":30}},"54":{"start":{"line":78,"column":4},"end":{"line":80,"column":null}},"55":{"start":{"line":79,"column":6},"end":{"line":79,"column":null}},"56":{"start":{"line":83,"column":2},"end":{"line":88,"column":null}},"57":{"start":{"line":92,"column":25},"end":{"line":101,"column":3}},"58":{"start":{"line":103,"column":15},"end":{"line":103,"column":96}},"59":{"start":{"line":104,"column":14},"end":{"line":104,"column":39}},"60":{"start":{"line":105,"column":15},"end":{"line":105,"column":42}},"61":{"start":{"line":106,"column":2},"end":{"line":106,"column":null}},"62":{"start":{"line":107,"column":2},"end":{"line":107,"column":null}},"63":{"start":{"line":108,"column":2},"end":{"line":108,"column":null}},"64":{"start":{"line":109,"column":2},"end":{"line":109,"column":null}},"65":{"start":{"line":110,"column":2},"end":{"line":110,"column":null}},"66":{"start":{"line":111,"column":2},"end":{"line":111,"column":null}},"67":{"start":{"line":115,"column":2},"end":{"line":140,"column":null}},"68":{"start":{"line":116,"column":23},"end":{"line":116,"column":46}},"69":{"start":{"line":119,"column":4},"end":{"line":137,"column":null}},"70":{"start":{"line":121,"column":6},"end":{"line":126,"column":null}},"71":{"start":{"line":127,"column":11},"end":{"line":137,"column":null}},"72":{"start":{"line":129,"column":6},"end":{"line":134,"column":null}},"73":{"start":{"line":136,"column":6},"end":{"line":136,"column":null}},"74":{"start":{"line":139,"column":4},"end":{"line":139,"column":null}},"75":{"start":{"line":145,"column":2},"end":{"line":147,"column":null}},"76":{"start":{"line":145,"column":47},"end":{"line":145,"column":99}},"77":{"start":{"line":146,"column":4},"end":{"line":146,"column":null}},"78":{"start":{"line":149,"column":17},"end":{"line":149,"column":33}},"79":{"start":{"line":152,"column":2},"end":{"line":154,"column":null}},"80":{"start":{"line":153,"column":4},"end":{"line":153,"column":null}},"81":{"start":{"line":157,"column":2},"end":{"line":157,"column":null}},"82":{"start":{"line":158,"column":2},"end":{"line":158,"column":null}},"83":{"start":{"line":160,"column":20},"end":{"line":160,"column":48}},"84":{"start":{"line":161,"column":23},"end":{"line":161,"column":68}},"85":{"start":{"line":161,"column":46},"end":{"line":161,"column":51}},"86":{"start":{"line":163,"column":19},"end":{"line":171,"column":15}},"87":{"start":{"line":164,"column":25},"end":{"line":169,"column":6}},"88":{"start":{"line":165,"column":6},"end":{"line":167,"column":null}},"89":{"start":{"line":166,"column":8},"end":{"line":166,"column":null}},"90":{"start":{"line":168,"column":6},"end":{"line":168,"column":null}},"91":{"start":{"line":170,"column":4},"end":{"line":170,"column":null}},"92":{"start":{"line":173,"column":2},"end":{"line":173,"column":null}},"93":{"start":{"line":177,"column":25},"end":{"line":186,"column":3}},"94":{"start":{"line":188,"column":2},"end":{"line":188,"column":null}}},"fnMap":{"0":{"name":"generateMarkdown","decl":{"start":{"line":1,"column":9},"end":{"line":1,"column":25}},"loc":{"start":{"line":1,"column":116},"end":{"line":41,"column":null}},"line":1},"1":{"name":"(anonymous_1)","decl":{"start":{"line":2,"column":40},"end":{"line":2,"column":43}},"loc":{"start":{"line":2,"column":47},"end":{"line":2,"column":99}},"line":2},"2":{"name":"(anonymous_2)","decl":{"start":{"line":18,"column":40},"end":{"line":18,"column":41}},"loc":{"start":{"line":18,"column":46},"end":{"line":18,"column":51}},"line":18},"3":{"name":"(anonymous_3)","decl":{"start":{"line":20,"column":28},"end":{"line":20,"column":31}},"loc":{"start":{"line":20,"column":35},"end":{"line":28,"column":3}},"line":20},"4":{"name":"(anonymous_4)","decl":{"start":{"line":21,"column":33},"end":{"line":21,"column":37}},"loc":{"start":{"line":21,"column":41},"end":{"line":26,"column":5}},"line":21},"5":{"name":"parseMarkdown","decl":{"start":{"line":43,"column":9},"end":{"line":43,"column":22}},"loc":{"start":{"line":43,"column":40},"end":{"line":89,"column":null}},"line":43},"6":{"name":"(anonymous_6)","decl":{"start":{"line":44,"column":51},"end":{"line":44,"column":55}},"loc":{"start":{"line":44,"column":59},"end":{"line":44,"column":77}},"line":44},"7":{"name":"(anonymous_7)","decl":{"start":{"line":47,"column":31},"end":{"line":47,"column":35}},"loc":{"start":{"line":47,"column":39},"end":{"line":47,"column":59}},"line":47},"8":{"name":"(anonymous_8)","decl":{"start":{"line":53,"column":37},"end":{"line":53,"column":41}},"loc":{"start":{"line":53,"column":45},"end":{"line":53,"column":80}},"line":53},"9":{"name":"(anonymous_9)","decl":{"start":{"line":59,"column":37},"end":{"line":59,"column":41}},"loc":{"start":{"line":59,"column":45},"end":{"line":59,"column":72}},"line":59},"10":{"name":"(anonymous_10)","decl":{"start":{"line":65,"column":12},"end":{"line":65,"column":16}},"loc":{"start":{"line":65,"column":20},"end":{"line":65,"column":38}},"line":65},"11":{"name":"(anonymous_11)","decl":{"start":{"line":66,"column":9},"end":{"line":66,"column":13}},"loc":{"start":{"line":66,"column":17},"end":{"line":66,"column":28}},"line":66},"12":{"name":"(anonymous_12)","decl":{"start":{"line":75,"column":14},"end":{"line":75,"column":18}},"loc":{"start":{"line":75,"column":22},"end":{"line":75,"column":40}},"line":75},"13":{"name":"(anonymous_13)","decl":{"start":{"line":76,"column":11},"end":{"line":76,"column":15}},"loc":{"start":{"line":76,"column":19},"end":{"line":76,"column":30}},"line":76},"14":{"name":"generateJSON","decl":{"start":{"line":91,"column":9},"end":{"line":91,"column":21}},"loc":{"start":{"line":91,"column":112},"end":{"line":112,"column":null}},"line":91},"15":{"name":"parseJSON","decl":{"start":{"line":114,"column":9},"end":{"line":114,"column":18}},"loc":{"start":{"line":114,"column":32},"end":{"line":141,"column":null}},"line":114},"16":{"name":"generateMarkdownString","decl":{"start":{"line":144,"column":9},"end":{"line":144,"column":31}},"loc":{"start":{"line":144,"column":122},"end":{"line":174,"column":null}},"line":144},"17":{"name":"(anonymous_17)","decl":{"start":{"line":145,"column":40},"end":{"line":145,"column":43}},"loc":{"start":{"line":145,"column":47},"end":{"line":145,"column":99}},"line":145},"18":{"name":"(anonymous_18)","decl":{"start":{"line":161,"column":40},"end":{"line":161,"column":41}},"loc":{"start":{"line":161,"column":46},"end":{"line":161,"column":51}},"line":161},"19":{"name":"(anonymous_19)","decl":{"start":{"line":163,"column":28},"end":{"line":163,"column":31}},"loc":{"start":{"line":163,"column":35},"end":{"line":171,"column":3}},"line":163},"20":{"name":"(anonymous_20)","decl":{"start":{"line":164,"column":33},"end":{"line":164,"column":37}},"loc":{"start":{"line":164,"column":41},"end":{"line":169,"column":5}},"line":164},"21":{"name":"generateJSONString","decl":{"start":{"line":176,"column":9},"end":{"line":176,"column":27}},"loc":{"start":{"line":176,"column":118},"end":{"line":189,"column":null}},"line":176}},"branchMap":{"0":{"loc":{"start":{"line":1,"column":32},"end":{"line":1,"column":76}},"type":"default-arg","locations":[{"start":{"line":1,"column":42},"end":{"line":1,"column":76}}],"line":1},"1":{"loc":{"start":{"line":1,"column":78},"end":{"line":1,"column":96}},"type":"default-arg","locations":[{"start":{"line":1,"column":86},"end":{"line":1,"column":96}}],"line":1},"2":{"loc":{"start":{"line":1,"column":98},"end":{"line":1,"column":114}},"type":"default-arg","locations":[{"start":{"line":1,"column":112},"end":{"line":1,"column":114}}],"line":1},"3":{"loc":{"start":{"line":2,"column":2},"end":{"line":4,"column":null}},"type":"if","locations":[{"start":{"line":2,"column":2},"end":{"line":4,"column":null}},{"start":{},"end":{}}],"line":2},"4":{"loc":{"start":{"line":2,"column":6},"end":{"line":2,"column":100}},"type":"binary-expr","locations":[{"start":{"line":2,"column":6},"end":{"line":2,"column":26}},{"start":{"line":2,"column":30},"end":{"line":2,"column":100}}],"line":2},"5":{"loc":{"start":{"line":2,"column":47},"end":{"line":2,"column":99}},"type":"binary-expr","locations":[{"start":{"line":2,"column":47},"end":{"line":2,"column":66}},{"start":{"line":2,"column":70},"end":{"line":2,"column":99}}],"line":2},"6":{"loc":{"start":{"line":9,"column":2},"end":{"line":11,"column":null}},"type":"if","locations":[{"start":{"line":9,"column":2},"end":{"line":11,"column":null}},{"start":{},"end":{}}],"line":9},"7":{"loc":{"start":{"line":22,"column":6},"end":{"line":24,"column":null}},"type":"if","locations":[{"start":{"line":22,"column":6},"end":{"line":24,"column":null}},{"start":{},"end":{}}],"line":22},"8":{"loc":{"start":{"line":23,"column":15},"end":{"line":23,"column":54}},"type":"cond-expr","locations":[{"start":{"line":23,"column":33},"end":{"line":23,"column":48}},{"start":{"line":23,"column":51},"end":{"line":23,"column":54}}],"line":23},"9":{"loc":{"start":{"line":25,"column":20},"end":{"line":25,"column":31}},"type":"binary-expr","locations":[{"start":{"line":25,"column":20},"end":{"line":25,"column":24}},{"start":{"line":25,"column":28},"end":{"line":25,"column":31}}],"line":25},"10":{"loc":{"start":{"line":48,"column":2},"end":{"line":48,"column":null}},"type":"if","locations":[{"start":{"line":48,"column":2},"end":{"line":48,"column":null}},{"start":{},"end":{}}],"line":48},"11":{"loc":{"start":{"line":54,"column":2},"end":{"line":56,"column":null}},"type":"if","locations":[{"start":{"line":54,"column":2},"end":{"line":56,"column":null}},{"start":{},"end":{}}],"line":54},"12":{"loc":{"start":{"line":60,"column":2},"end":{"line":60,"column":null}},"type":"if","locations":[{"start":{"line":60,"column":2},"end":{"line":60,"column":null}},{"start":{},"end":{}}],"line":60},"13":{"loc":{"start":{"line":71,"column":4},"end":{"line":71,"column":null}},"type":"if","locations":[{"start":{"line":71,"column":4},"end":{"line":71,"column":null}},{"start":{},"end":{}}],"line":71},"14":{"loc":{"start":{"line":78,"column":4},"end":{"line":80,"column":null}},"type":"if","locations":[{"start":{"line":78,"column":4},"end":{"line":80,"column":null}},{"start":{},"end":{}}],"line":78},"15":{"loc":{"start":{"line":91,"column":28},"end":{"line":91,"column":72}},"type":"default-arg","locations":[{"start":{"line":91,"column":38},"end":{"line":91,"column":72}}],"line":91},"16":{"loc":{"start":{"line":91,"column":74},"end":{"line":91,"column":92}},"type":"default-arg","locations":[{"start":{"line":91,"column":82},"end":{"line":91,"column":92}}],"line":91},"17":{"loc":{"start":{"line":91,"column":94},"end":{"line":91,"column":110}},"type":"default-arg","locations":[{"start":{"line":91,"column":108},"end":{"line":91,"column":110}}],"line":91},"18":{"loc":{"start":{"line":119,"column":4},"end":{"line":137,"column":null}},"type":"if","locations":[{"start":{"line":119,"column":4},"end":{"line":137,"column":null}},{"start":{"line":127,"column":11},"end":{"line":137,"column":null}}],"line":119},"19":{"loc":{"start":{"line":122,"column":15},"end":{"line":122,"column":82}},"type":"binary-expr","locations":[{"start":{"line":122,"column":15},"end":{"line":122,"column":39}},{"start":{"line":122,"column":43},"end":{"line":122,"column":59}},{"start":{"line":122,"column":63},"end":{"line":122,"column":82}}],"line":122},"20":{"loc":{"start":{"line":123,"column":21},"end":{"line":123,"column":58}},"type":"binary-expr","locations":[{"start":{"line":123,"column":21},"end":{"line":123,"column":52}},{"start":{"line":123,"column":56},"end":{"line":123,"column":58}}],"line":123},"21":{"loc":{"start":{"line":127,"column":11},"end":{"line":137,"column":null}},"type":"if","locations":[{"start":{"line":127,"column":11},"end":{"line":137,"column":null}},{"start":{"line":135,"column":11},"end":{"line":137,"column":null}}],"line":127},"22":{"loc":{"start":{"line":127,"column":15},"end":{"line":127,"column":50}},"type":"binary-expr","locations":[{"start":{"line":127,"column":15},"end":{"line":127,"column":31}},{"start":{"line":127,"column":35},"end":{"line":127,"column":50}}],"line":127},"23":{"loc":{"start":{"line":144,"column":38},"end":{"line":144,"column":82}},"type":"default-arg","locations":[{"start":{"line":144,"column":48},"end":{"line":144,"column":82}}],"line":144},"24":{"loc":{"start":{"line":144,"column":84},"end":{"line":144,"column":102}},"type":"default-arg","locations":[{"start":{"line":144,"column":92},"end":{"line":144,"column":102}}],"line":144},"25":{"loc":{"start":{"line":144,"column":104},"end":{"line":144,"column":120}},"type":"default-arg","locations":[{"start":{"line":144,"column":118},"end":{"line":144,"column":120}}],"line":144},"26":{"loc":{"start":{"line":145,"column":2},"end":{"line":147,"column":null}},"type":"if","locations":[{"start":{"line":145,"column":2},"end":{"line":147,"column":null}},{"start":{},"end":{}}],"line":145},"27":{"loc":{"start":{"line":145,"column":6},"end":{"line":145,"column":100}},"type":"binary-expr","locations":[{"start":{"line":145,"column":6},"end":{"line":145,"column":26}},{"start":{"line":145,"column":30},"end":{"line":145,"column":100}}],"line":145},"28":{"loc":{"start":{"line":145,"column":47},"end":{"line":145,"column":99}},"type":"binary-expr","locations":[{"start":{"line":145,"column":47},"end":{"line":145,"column":66}},{"start":{"line":145,"column":70},"end":{"line":145,"column":99}}],"line":145},"29":{"loc":{"start":{"line":152,"column":2},"end":{"line":154,"column":null}},"type":"if","locations":[{"start":{"line":152,"column":2},"end":{"line":154,"column":null}},{"start":{},"end":{}}],"line":152},"30":{"loc":{"start":{"line":165,"column":6},"end":{"line":167,"column":null}},"type":"if","locations":[{"start":{"line":165,"column":6},"end":{"line":167,"column":null}},{"start":{},"end":{}}],"line":165},"31":{"loc":{"start":{"line":166,"column":15},"end":{"line":166,"column":54}},"type":"cond-expr","locations":[{"start":{"line":166,"column":33},"end":{"line":166,"column":48}},{"start":{"line":166,"column":51},"end":{"line":166,"column":54}}],"line":166},"32":{"loc":{"start":{"line":168,"column":20},"end":{"line":168,"column":31}},"type":"binary-expr","locations":[{"start":{"line":168,"column":20},"end":{"line":168,"column":24}},{"start":{"line":168,"column":28},"end":{"line":168,"column":31}}],"line":168},"33":{"loc":{"start":{"line":176,"column":34},"end":{"line":176,"column":78}},"type":"default-arg","locations":[{"start":{"line":176,"column":44},"end":{"line":176,"column":78}}],"line":176},"34":{"loc":{"start":{"line":176,"column":80},"end":{"line":176,"column":98}},"type":"default-arg","locations":[{"start":{"line":176,"column":88},"end":{"line":176,"column":98}}],"line":176},"35":{"loc":{"start":{"line":176,"column":100},"end":{"line":176,"column":116}},"type":"default-arg","locations":[{"start":{"line":176,"column":114},"end":{"line":176,"column":116}}],"line":176}},"s":{"0":0,"1":0,"2":0,"3":0,"4":0,"5":0,"6":0,"7":0,"8":0,"9":0,"10":0,"11":0,"12":0,"13":0,"14":0,"15":0,"16":0,"17":0,"18":0,"19":0,"20":0,"21":0,"22":0,"23":0,"24":0,"25":0,"26":0,"27":0,"28":0,"29":0,"30":0,"31":0,"32":0,"33":0,"34":0,"35":0,"36":0,"37":0,"38":0,"39":0,"40":0,"41":0,"42":0,"43":0,"44":0,"45":0,"46":0,"47":0,"48":0,"49":0,"50":0,"51":0,"52":0,"53":0,"54":0,"55":0,"56":0,"57":0,"58":0,"59":0,"60":0,"61":0,"62":0,"63":0,"64":0,"65":0,"66":0,"67":0,"68":0,"69":0,"70":0,"71":0,"72":0,"73":0,"74":0,"75":0,"76":0,"77":0,"78":0,"79":0,"80":0,"81":0,"82":0,"83":0,"84":0,"85":0,"86":0,"87":0,"88":0,"89":0,"90":0,"91":0,"92":0,"93":0,"94":0},"f":{"0":0,"1":0,"2":0,"3":0,"4":0,"5":0,"6":0,"7":0,"8":0,"9":0,"10":0,"11":0,"12":0,"13":0,"14":0,"15":0,"16":0,"17":0,"18":0,"19":0,"20":0,"21":0},"b":{"0":[0],"1":[0],"2":[0],"3":[0,0],"4":[0,0],"5":[0,0],"6":[0,0],"7":[0,0],"8":[0,0],"9":[0,0],"10":[0,0],"11":[0,0],"12":[0,0],"13":[0,0],"14":[0,0],"15":[0],"16":[0],"17":[0],"18":[0,0],"19":[0,0,0],"20":[0,0],"21":[0,0],"22":[0,0],"23":[0],"24":[0],"25":[0],"26":[0,0],"27":[0,0],"28":[0,0],"29":[0,0],"30":[0,0],"31":[0,0],"32":[0,0],"33":[0],"34":[0],"35":[0]},"meta":{"lastBranch":36,"lastFunction":22,"lastStatement":95,"seen":{"f:1:9:1:25":0,"b:1:42:1:76":0,"b:1:86:1:96":1,"b:1:112:1:114":2,"b:2:2:4:Infinity:undefined:undefined:undefined:undefined":3,"s:2:2:4:Infinity":0,"b:2:6:2:26:2:30:2:100":4,"f:2:40:2:43":1,"s:2:47:2:99":1,"b:2:47:2:66:2:70:2:99":5,"s:3:4:3:Infinity":2,"s:6:17:6:33":3,"b:9:2:11:Infinity:undefined:undefined:undefined:undefined":6,"s:9:2:11:Infinity":4,"s:10:4:10:Infinity":5,"s:14:2:14:Infinity":6,"s:15:2:15:Infinity":7,"s:17:20:17:48":8,"s:18:23:18:68":9,"f:18:40:18:41":2,"s:18:46:18:51":10,"s:20:19:28:15":11,"f:20:28:20:31":3,"s:21:25:26:6":12,"f:21:33:21:37":4,"b:22:6:24:Infinity:undefined:undefined:undefined:undefined":7,"s:22:6:24:Infinity":13,"s:23:8:23:Infinity":14,"b:23:33:23:48:23:51:23:54":8,"s:25:6:25:Infinity":15,"b:25:20:25:24:25:28:25:31":9,"s:27:4:27:Infinity":16,"s:30:24:30:84":17,"s:32:15:32:81":18,"s:33:14:33:39":19,"s:34:15:34:42":20,"s:35:2:35:Infinity":21,"s:36:2:36:Infinity":22,"s:37:2:37:Infinity":23,"s:38:2:38:Infinity":24,"s:39:2:39:Infinity":25,"s:40:2:40:Infinity":26,"f:43:9:43:22":5,"s:44:16:44:78":27,"f:44:51:44:55":6,"s:44:59:44:77":28,"s:47:20:47:60":29,"f:47:31:47:35":7,"s:47:39:47:59":30,"b:48:2:48:Infinity:undefined:undefined:undefined:undefined":10,"s:48:2:48:Infinity":31,"s:48:18:48:Infinity":32,"s:49:16:49:46":33,"s:52:20:52:22":34,"s:53:26:53:81":35,"f:53:37:53:41":8,"s:53:45:53:80":36,"b:54:2:56:Infinity:undefined:undefined:undefined:undefined":11,"s:54:2:56:Infinity":37,"s:55:4:55:Infinity":38,"s:59:21:59:73":39,"f:59:37:59:41":9,"s:59:45:59:72":40,"b:60:2:60:Infinity:undefined:undefined:undefined:undefined":12,"s:60:2:60:Infinity":41,"s:60:25:60:Infinity":42,"s:63:18:66:29":43,"f:65:12:65:16":10,"s:65:20:65:38":44,"f:66:9:66:13":11,"s:66:17:66:28":45,"s:69:15:69:17":46,"s:70:2:81:Infinity":47,"s:70:15:70:29":48,"b:71:4:71:Infinity:undefined:undefined:undefined:undefined":13,"s:71:4:71:Infinity":49,"s:71:42:71:Infinity":50,"s:73:16:76:31":51,"f:75:14:75:18":12,"s:75:22:75:40":52,"f:76:11:76:15":13,"s:76:19:76:30":53,"b:78:4:80:Infinity:undefined:undefined:undefined:undefined":14,"s:78:4:80:Infinity":54,"s:79:6:79:Infinity":55,"s:83:2:88:Infinity":56,"f:91:9:91:21":14,"b:91:38:91:72":15,"b:91:82:91:92":16,"b:91:108:91:110":17,"s:92:25:101:3":57,"s:103:15:103:96":58,"s:104:14:104:39":59,"s:105:15:105:42":60,"s:106:2:106:Infinity":61,"s:107:2:107:Infinity":62,"s:108:2:108:Infinity":63,"s:109:2:109:Infinity":64,"s:110:2:110:Infinity":65,"s:111:2:111:Infinity":66,"f:114:9:114:18":15,"s:115:2:140:Infinity":67,"s:116:23:116:46":68,"b:119:4:137:Infinity:127:11:137:Infinity":18,"s:119:4:137:Infinity":69,"s:121:6:126:Infinity":70,"b:122:15:122:39:122:43:122:59:122:63:122:82":19,"b:123:21:123:52:123:56:123:58":20,"b:127:11:137:Infinity:135:11:137:Infinity":21,"s:127:11:137:Infinity":71,"b:127:15:127:31:127:35:127:50":22,"s:129:6:134:Infinity":72,"s:136:6:136:Infinity":73,"s:139:4:139:Infinity":74,"f:144:9:144:31":16,"b:144:48:144:82":23,"b:144:92:144:102":24,"b:144:118:144:120":25,"b:145:2:147:Infinity:undefined:undefined:undefined:undefined":26,"s:145:2:147:Infinity":75,"b:145:6:145:26:145:30:145:100":27,"f:145:40:145:43":17,"s:145:47:145:99":76,"b:145:47:145:66:145:70:145:99":28,"s:146:4:146:Infinity":77,"s:149:17:149:33":78,"b:152:2:154:Infinity:undefined:undefined:undefined:undefined":29,"s:152:2:154:Infinity":79,"s:153:4:153:Infinity":80,"s:157:2:157:Infinity":81,"s:158:2:158:Infinity":82,"s:160:20:160:48":83,"s:161:23:161:68":84,"f:161:40:161:41":18,"s:161:46:161:51":85,"s:163:19:171:15":86,"f:163:28:163:31":19,"s:164:25:169:6":87,"f:164:33:164:37":20,"b:165:6:167:Infinity:undefined:undefined:undefined:undefined":30,"s:165:6:167:Infinity":88,"s:166:8:166:Infinity":89,"b:166:33:166:48:166:51:166:54":31,"s:168:6:168:Infinity":90,"b:168:20:168:24:168:28:168:31":32,"s:170:4:170:Infinity":91,"s:173:2:173:Infinity":92,"f:176:9:176:27":21,"b:176:44:176:78":33,"b:176:88:176:98":34,"b:176:114:176:116":35,"s:177:25:186:3":93,"s:188:2:188:Infinity":94}}}
,"/Users/ruben/Documents/Etudes/3eme_annee/SAE_Embedding/GlossAI/frontend/src/lib/glossaryManager.js": {"path":"/Users/ruben/Documents/Etudes/3eme_annee/SAE_Embedding/GlossAI/frontend/src/lib/glossaryManager.js","statementMap":{"0":{"start":{"line":5,"column":8},"end":{"line":5,"column":null}},"1":{"start":{"line":6,"column":8},"end":{"line":6,"column":null}},"2":{"start":{"line":7,"column":8},"end":{"line":7,"column":null}},"3":{"start":{"line":11,"column":8},"end":{"line":11,"column":null}},"4":{"start":{"line":12,"column":8},"end":{"line":12,"column":null}},"5":{"start":{"line":12,"column":59},"end":{"line":12,"column":63}},"6":{"start":{"line":16,"column":8},"end":{"line":16,"column":null}},"7":{"start":{"line":20,"column":8},"end":{"line":20,"column":null}},"8":{"start":{"line":24,"column":8},"end":{"line":24,"column":null}},"9":{"start":{"line":24,"column":41},"end":{"line":24,"column":52}},"10":{"start":{"line":28,"column":25},"end":{"line":33,"column":9}},"11":{"start":{"line":34,"column":8},"end":{"line":36,"column":null}},"12":{"start":{"line":35,"column":12},"end":{"line":35,"column":null}},"13":{"start":{"line":37,"column":8},"end":{"line":37,"column":null}},"14":{"start":{"line":38,"column":8},"end":{"line":38,"column":null}},"15":{"start":{"line":39,"column":8},"end":{"line":39,"column":null}},"16":{"start":{"line":43,"column":18},"end":{"line":43,"column":30}},"17":{"start":{"line":44,"column":8},"end":{"line":44,"column":null}},"18":{"start":{"line":44,"column":16},"end":{"line":44,"column":null}},"19":{"start":{"line":45,"column":8},"end":{"line":45,"column":null}},"20":{"start":{"line":46,"column":8},"end":{"line":46,"column":null}},"21":{"start":{"line":48,"column":8},"end":{"line":48,"column":null}},"22":{"start":{"line":49,"column":8},"end":{"line":49,"column":null}},"23":{"start":{"line":53,"column":8},"end":{"line":53,"column":null}},"24":{"start":{"line":54,"column":8},"end":{"line":54,"column":null}},"25":{"start":{"line":58,"column":8},"end":{"line":58,"column":null}}},"fnMap":{"0":{"name":"(anonymous_0)","decl":{"start":{"line":4,"column":4},"end":{"line":4,"column":15}},"loc":{"start":{"line":4,"column":18},"end":{"line":8,"column":null}},"line":4},"1":{"name":"(anonymous_1)","decl":{"start":{"line":10,"column":4},"end":{"line":10,"column":8}},"loc":{"start":{"line":10,"column":11},"end":{"line":13,"column":null}},"line":10},"2":{"name":"(anonymous_2)","decl":{"start":{"line":12,"column":54},"end":{"line":12,"column":55}},"loc":{"start":{"line":12,"column":59},"end":{"line":12,"column":63}},"line":12},"3":{"name":"(anonymous_3)","decl":{"start":{"line":15,"column":4},"end":{"line":15,"column":8}},"loc":{"start":{"line":15,"column":11},"end":{"line":17,"column":null}},"line":15},"4":{"name":"(anonymous_4)","decl":{"start":{"line":19,"column":4},"end":{"line":19,"column":10}},"loc":{"start":{"line":19,"column":13},"end":{"line":21,"column":null}},"line":19},"5":{"name":"(anonymous_5)","decl":{"start":{"line":23,"column":4},"end":{"line":23,"column":7}},"loc":{"start":{"line":23,"column":12},"end":{"line":25,"column":null}},"line":23},"6":{"name":"(anonymous_6)","decl":{"start":{"line":24,"column":36},"end":{"line":24,"column":37}},"loc":{"start":{"line":24,"column":41},"end":{"line":24,"column":52}},"line":24},"7":{"name":"(anonymous_7)","decl":{"start":{"line":27,"column":4},"end":{"line":27,"column":10}},"loc":{"start":{"line":27,"column":37},"end":{"line":40,"column":null}},"line":27},"8":{"name":"(anonymous_8)","decl":{"start":{"line":42,"column":4},"end":{"line":42,"column":10}},"loc":{"start":{"line":42,"column":34},"end":{"line":50,"column":null}},"line":42},"9":{"name":"(anonymous_9)","decl":{"start":{"line":52,"column":4},"end":{"line":52,"column":14}},"loc":{"start":{"line":52,"column":24},"end":{"line":55,"column":null}},"line":52},"10":{"name":"(anonymous_10)","decl":{"start":{"line":57,"column":4},"end":{"line":57,"column":14}},"loc":{"start":{"line":57,"column":19},"end":{"line":59,"column":null}},"line":57}},"branchMap":{"0":{"loc":{"start":{"line":11,"column":26},"end":{"line":11,"column":78}},"type":"binary-expr","locations":[{"start":{"line":11,"column":26},"end":{"line":11,"column":72}},{"start":{"line":11,"column":76},"end":{"line":11,"column":78}}],"line":11},"1":{"loc":{"start":{"line":34,"column":8},"end":{"line":36,"column":null}},"type":"if","locations":[{"start":{"line":34,"column":8},"end":{"line":36,"column":null}},{"start":{},"end":{}}],"line":34},"2":{"loc":{"start":{"line":44,"column":8},"end":{"line":44,"column":null}},"type":"if","locations":[{"start":{"line":44,"column":8},"end":{"line":44,"column":null}},{"start":{},"end":{}}],"line":44}},"s":{"0":8,"1":8,"2":8,"3":8,"4":8,"5":1,"6":5,"7":4,"8":3,"9":2,"10":3,"11":3,"12":0,"13":3,"14":3,"15":3,"16":2,"17":2,"18":1,"19":1,"20":1,"21":1,"22":1,"23":1,"24":1,"25":1},"f":{"0":8,"1":8,"2":1,"3":5,"4":4,"5":3,"6":2,"7":3,"8":2,"9":1,"10":1},"b":{"0":[8,7],"1":[0,3],"2":[1,1]},"meta":{"lastBranch":3,"lastFunction":11,"lastStatement":26,"seen":{"f:4:4:4:15":0,"s:5:8:5:Infinity":0,"s:6:8:6:Infinity":1,"s:7:8:7:Infinity":2,"f:10:4:10:8":1,"s:11:8:11:Infinity":3,"b:11:26:11:72:11:76:11:78":0,"s:12:8:12:Infinity":4,"f:12:54:12:55":2,"s:12:59:12:63":5,"f:15:4:15:8":3,"s:16:8:16:Infinity":6,"f:19:4:19:10":4,"s:20:8:20:Infinity":7,"f:23:4:23:7":5,"s:24:8:24:Infinity":8,"f:24:36:24:37":6,"s:24:41:24:52":9,"f:27:4:27:10":7,"s:28:25:33:9":10,"b:34:8:36:Infinity:undefined:undefined:undefined:undefined":1,"s:34:8:36:Infinity":11,"s:35:12:35:Infinity":12,"s:37:8:37:Infinity":13,"s:38:8:38:Infinity":14,"s:39:8:39:Infinity":15,"f:42:4:42:10":8,"s:43:18:43:30":16,"b:44:8:44:Infinity:undefined:undefined:undefined:undefined":2,"s:44:8:44:Infinity":17,"s:44:16:44:Infinity":18,"s:45:8:45:Infinity":19,"s:46:8:46:Infinity":20,"s:48:8:48:Infinity":21,"s:49:8:49:Infinity":22,"f:52:4:52:14":9,"s:53:8:53:Infinity":23,"s:54:8:54:Infinity":24,"f:57:4:57:14":10,"s:58:8:58:Infinity":25}}}
,"/Users/ruben/Documents/Etudes/3eme_annee/SAE_Embedding/GlossAI/frontend/src/lib/importUtils.js": {"path":"/Users/ruben/Documents/Etudes/3eme_annee/SAE_Embedding/GlossAI/frontend/src/lib/importUtils.js","statementMap":{"0":{"start":{"line":3,"column":8},"end":{"line":3,"column":null}},"1":{"start":{"line":4,"column":8},"end":{"line":4,"column":null}},"2":{"start":{"line":5,"column":8},"end":{"line":5,"column":null}},"3":{"start":{"line":9,"column":20},"end":{"line":9,"column":60}},"4":{"start":{"line":10,"column":21},"end":{"line":10,"column":38}},"5":{"start":{"line":12,"column":45},"end":{"line":12,"column":97}},"6":{"start":{"line":15,"column":12},"end":{"line":15,"column":64}},"7":{"start":{"line":17,"column":25},"end":{"line":20,"column":9}},"8":{"start":{"line":22,"column":8},"end":{"line":27,"column":null}},"9":{"start":{"line":22,"column":52},"end":{"line":27,"column":9}},"10":{"start":{"line":29,"column":8},"end":{"line":29,"column":null}},"11":{"start":{"line":30,"column":8},"end":{"line":30,"column":null}},"12":{"start":{"line":31,"column":8},"end":{"line":31,"column":null}},"13":{"start":{"line":33,"column":8},"end":{"line":33,"column":null}}},"fnMap":{"0":{"name":"(anonymous_0)","decl":{"start":{"line":2,"column":4},"end":{"line":2,"column":15}},"loc":{"start":{"line":2,"column":49},"end":{"line":6,"column":null}},"line":2},"1":{"name":"(anonymous_1)","decl":{"start":{"line":8,"column":10},"end":{"line":8,"column":16}},"loc":{"start":{"line":8,"column":23},"end":{"line":34,"column":null}},"line":8},"2":{"name":"(anonymous_2)","decl":{"start":{"line":22,"column":41},"end":{"line":22,"column":42}},"loc":{"start":{"line":22,"column":52},"end":{"line":27,"column":9}},"line":22}},"branchMap":{"0":{"loc":{"start":{"line":15,"column":12},"end":{"line":15,"column":64}},"type":"cond-expr","locations":[{"start":{"line":15,"column":27},"end":{"line":15,"column":46}},{"start":{"line":15,"column":49},"end":{"line":15,"column":64}}],"line":15},"1":{"loc":{"start":{"line":18,"column":12},"end":{"line":18,"column":47}},"type":"binary-expr","locations":[{"start":{"line":18,"column":12},"end":{"line":18,"column":24}},{"start":{"line":18,"column":28},"end":{"line":18,"column":47}}],"line":18},"2":{"loc":{"start":{"line":19,"column":12},"end":{"line":19,"column":null}},"type":"binary-expr","locations":[{"start":{"line":19,"column":12},"end":{"line":19,"column":30}},{"start":{"line":19,"column":34},"end":{"line":19,"column":null}}],"line":19},"3":{"loc":{"start":{"line":26,"column":22},"end":{"line":26,"column":null}},"type":"cond-expr","locations":[{"start":{"line":26,"column":44},"end":{"line":26,"column":48}},{"start":{"line":26,"column":51},"end":{"line":26,"column":null}}],"line":26}},"s":{"0":0,"1":0,"2":0,"3":0,"4":0,"5":0,"6":0,"7":0,"8":0,"9":0,"10":0,"11":0,"12":0,"13":0},"f":{"0":0,"1":0,"2":0},"b":{"0":[0,0],"1":[0,0],"2":[0,0],"3":[0,0]},"meta":{"lastBranch":4,"lastFunction":3,"lastStatement":14,"seen":{"f:2:4:2:15":0,"s:3:8:3:Infinity":0,"s:4:8:4:Infinity":1,"s:5:8:5:Infinity":2,"f:8:10:8:16":1,"s:9:20:9:60":3,"s:10:21:10:38":4,"s:12:45:12:97":5,"s:15:12:15:64":6,"b:15:27:15:46:15:49:15:64":0,"s:17:25:20:9":7,"b:18:12:18:24:18:28:18:47":1,"b:19:12:19:30:19:34:19:Infinity":2,"s:22:8:27:Infinity":8,"f:22:41:22:42":2,"s:22:52:27:9":9,"b:26:44:26:48:26:51:26:Infinity":3,"s:29:8:29:Infinity":10,"s:30:8:30:Infinity":11,"s:31:8:31:Infinity":12,"s:33:8:33:Infinity":13}}}
,"/Users/ruben/Documents/Etudes/3eme_annee/SAE_Embedding/GlossAI/frontend/src/lib/modalManager.js": {"path":"/Users/ruben/Documents/Etudes/3eme_annee/SAE_Embedding/GlossAI/frontend/src/lib/modalManager.js","statementMap":{"0":{"start":{"line":5,"column":22},"end":{"line":5,"column":43}},"1":{"start":{"line":6,"column":18},"end":{"line":6,"column":35}},"2":{"start":{"line":8,"column":8},"end":{"line":8,"column":null}},"3":{"start":{"line":9,"column":8},"end":{"line":9,"column":null}},"4":{"start":{"line":13,"column":8},"end":{"line":13,"column":null}},"5":{"start":{"line":14,"column":8},"end":{"line":14,"column":null}},"6":{"start":{"line":18,"column":8},"end":{"line":18,"column":null}},"7":{"start":{"line":19,"column":8},"end":{"line":19,"column":null}},"8":{"start":{"line":23,"column":8},"end":{"line":23,"column":null}},"9":{"start":{"line":24,"column":8},"end":{"line":24,"column":null}},"10":{"start":{"line":28,"column":18},"end":{"line":28,"column":46}},"11":{"start":{"line":29,"column":8},"end":{"line":29,"column":null}},"12":{"start":{"line":29,"column":16},"end":{"line":29,"column":null}},"13":{"start":{"line":31,"column":8},"end":{"line":31,"column":null}},"14":{"start":{"line":32,"column":8},"end":{"line":32,"column":null}},"15":{"start":{"line":33,"column":8},"end":{"line":33,"column":null}},"16":{"start":{"line":35,"column":8},"end":{"line":36,"column":null}},"17":{"start":{"line":36,"column":12},"end":{"line":36,"column":47}},"18":{"start":{"line":38,"column":8},"end":{"line":38,"column":null}},"19":{"start":{"line":42,"column":18},"end":{"line":42,"column":46}},"20":{"start":{"line":43,"column":8},"end":{"line":43,"column":null}},"21":{"start":{"line":43,"column":16},"end":{"line":43,"column":null}},"22":{"start":{"line":44,"column":8},"end":{"line":44,"column":null}},"23":{"start":{"line":46,"column":8},"end":{"line":46,"column":null}},"24":{"start":{"line":47,"column":8},"end":{"line":47,"column":null}},"25":{"start":{"line":49,"column":8},"end":{"line":49,"column":null}},"26":{"start":{"line":53,"column":27},"end":{"line":53,"column":56}},"27":{"start":{"line":54,"column":26},"end":{"line":54,"column":72}},"28":{"start":{"line":55,"column":27},"end":{"line":55,"column":64}},"29":{"start":{"line":57,"column":24},"end":{"line":57,"column":73}},"30":{"start":{"line":57,"column":30},"end":{"line":57,"column":72}},"31":{"start":{"line":59,"column":8},"end":{"line":63,"column":null}},"32":{"start":{"line":60,"column":12},"end":{"line":60,"column":null}},"33":{"start":{"line":61,"column":12},"end":{"line":61,"column":null}},"34":{"start":{"line":62,"column":12},"end":{"line":62,"column":null}},"35":{"start":{"line":65,"column":8},"end":{"line":65,"column":null}},"36":{"start":{"line":66,"column":8},"end":{"line":111,"column":null}},"37":{"start":{"line":67,"column":26},"end":{"line":110,"column":13}},"38":{"start":{"line":112,"column":8},"end":{"line":122,"column":null}},"39":{"start":{"line":113,"column":12},"end":{"line":113,"column":null}},"40":{"start":{"line":113,"column":101},"end":{"line":113,"column":123}},"41":{"start":{"line":114,"column":12},"end":{"line":114,"column":null}},"42":{"start":{"line":114,"column":101},"end":{"line":114,"column":123}},"43":{"start":{"line":115,"column":12},"end":{"line":120,"column":null}},"44":{"start":{"line":115,"column":103},"end":{"line":119,"column":null}},"45":{"start":{"line":116,"column":20},"end":{"line":116,"column":null}},"46":{"start":{"line":117,"column":20},"end":{"line":117,"column":null}},"47":{"start":{"line":118,"column":20},"end":{"line":118,"column":null}},"48":{"start":{"line":121,"column":12},"end":{"line":121,"column":null}},"49":{"start":{"line":121,"column":103},"end":{"line":121,"column":147}}},"fnMap":{"0":{"name":"(anonymous_0)","decl":{"start":{"line":7,"column":4},"end":{"line":7,"column":8}},"loc":{"start":{"line":7,"column":13},"end":{"line":10,"column":null}},"line":7},"1":{"name":"(anonymous_1)","decl":{"start":{"line":12,"column":4},"end":{"line":12,"column":9}},"loc":{"start":{"line":12,"column":14},"end":{"line":15,"column":null}},"line":12},"2":{"name":"(anonymous_2)","decl":{"start":{"line":17,"column":4},"end":{"line":17,"column":13}},"loc":{"start":{"line":17,"column":32},"end":{"line":20,"column":null}},"line":17},"3":{"name":"(anonymous_3)","decl":{"start":{"line":22,"column":4},"end":{"line":22,"column":14}},"loc":{"start":{"line":22,"column":33},"end":{"line":25,"column":null}},"line":22},"4":{"name":"(anonymous_4)","decl":{"start":{"line":27,"column":4},"end":{"line":27,"column":8}},"loc":{"start":{"line":27,"column":13},"end":{"line":39,"column":null}},"line":27},"5":{"name":"(anonymous_5)","decl":{"start":{"line":35,"column":61},"end":{"line":35,"column":62}},"loc":{"start":{"line":36,"column":12},"end":{"line":36,"column":47}},"line":36},"6":{"name":"(anonymous_6)","decl":{"start":{"line":41,"column":4},"end":{"line":41,"column":8}},"loc":{"start":{"line":41,"column":13},"end":{"line":50,"column":null}},"line":41},"7":{"name":"(anonymous_7)","decl":{"start":{"line":52,"column":4},"end":{"line":52,"column":10}},"loc":{"start":{"line":52,"column":13},"end":{"line":123,"column":null}},"line":52},"8":{"name":"(anonymous_8)","decl":{"start":{"line":57,"column":24},"end":{"line":57,"column":25}},"loc":{"start":{"line":57,"column":30},"end":{"line":57,"column":72}},"line":57},"9":{"name":"(anonymous_9)","decl":{"start":{"line":67,"column":12},"end":{"line":67,"column":13}},"loc":{"start":{"line":67,"column":26},"end":{"line":110,"column":13}},"line":67},"10":{"name":"(anonymous_10)","decl":{"start":{"line":112,"column":27},"end":{"line":112,"column":28}},"loc":{"start":{"line":112,"column":41},"end":{"line":122,"column":9}},"line":112},"11":{"name":"(anonymous_11)","decl":{"start":{"line":113,"column":95},"end":{"line":113,"column":96}},"loc":{"start":{"line":113,"column":101},"end":{"line":113,"column":123}},"line":113},"12":{"name":"(anonymous_12)","decl":{"start":{"line":114,"column":95},"end":{"line":114,"column":96}},"loc":{"start":{"line":114,"column":101},"end":{"line":114,"column":123}},"line":114},"13":{"name":"(anonymous_13)","decl":{"start":{"line":115,"column":97},"end":{"line":115,"column":98}},"loc":{"start":{"line":115,"column":103},"end":{"line":119,"column":null}},"line":115},"14":{"name":"(anonymous_14)","decl":{"start":{"line":115,"column":148},"end":{"line":115,"column":149}},"loc":{"start":{"line":115,"column":171},"end":{"line":119,"column":17}},"line":115},"15":{"name":"(anonymous_15)","decl":{"start":{"line":121,"column":97},"end":{"line":121,"column":98}},"loc":{"start":{"line":121,"column":103},"end":{"line":121,"column":147}},"line":121}},"branchMap":{"0":{"loc":{"start":{"line":29,"column":8},"end":{"line":29,"column":null}},"type":"if","locations":[{"start":{"line":29,"column":8},"end":{"line":29,"column":null}},{"start":{},"end":{}}],"line":29},"1":{"loc":{"start":{"line":43,"column":8},"end":{"line":43,"column":null}},"type":"if","locations":[{"start":{"line":43,"column":8},"end":{"line":43,"column":null}},{"start":{},"end":{}}],"line":43},"2":{"loc":{"start":{"line":57,"column":30},"end":{"line":57,"column":72}},"type":"cond-expr","locations":[{"start":{"line":57,"column":46},"end":{"line":57,"column":68}},{"start":{"line":57,"column":71},"end":{"line":57,"column":72}}],"line":57},"3":{"loc":{"start":{"line":59,"column":8},"end":{"line":63,"column":null}},"type":"if","locations":[{"start":{"line":59,"column":8},"end":{"line":63,"column":null}},{"start":{},"end":{}}],"line":59}},"s":{"0":0,"1":0,"2":0,"3":0,"4":0,"5":0,"6":0,"7":0,"8":0,"9":0,"10":0,"11":0,"12":0,"13":0,"14":0,"15":0,"16":0,"17":0,"18":0,"19":0,"20":0,"21":0,"22":0,"23":0,"24":0,"25":0,"26":0,"27":0,"28":0,"29":0,"30":0,"31":0,"32":0,"33":0,"34":0,"35":0,"36":0,"37":0,"38":0,"39":0,"40":0,"41":0,"42":0,"43":0,"44":0,"45":0,"46":0,"47":0,"48":0,"49":0},"f":{"0":0,"1":0,"2":0,"3":0,"4":0,"5":0,"6":0,"7":0,"8":0,"9":0,"10":0,"11":0,"12":0,"13":0,"14":0,"15":0},"b":{"0":[0,0],"1":[0,0],"2":[0,0],"3":[0,0]},"meta":{"lastBranch":4,"lastFunction":16,"lastStatement":50,"seen":{"s:5:22:5:43":0,"s:6:18:6:35":1,"f:7:4:7:8":0,"s:8:8:8:Infinity":2,"s:9:8:9:Infinity":3,"f:12:4:12:9":1,"s:13:8:13:Infinity":4,"s:14:8:14:Infinity":5,"f:17:4:17:13":2,"s:18:8:18:Infinity":6,"s:19:8:19:Infinity":7,"f:22:4:22:14":3,"s:23:8:23:Infinity":8,"s:24:8:24:Infinity":9,"f:27:4:27:8":4,"s:28:18:28:46":10,"b:29:8:29:Infinity:undefined:undefined:undefined:undefined":0,"s:29:8:29:Infinity":11,"s:29:16:29:Infinity":12,"s:31:8:31:Infinity":13,"s:32:8:32:Infinity":14,"s:33:8:33:Infinity":15,"s:35:8:36:Infinity":16,"f:35:61:35:62":5,"s:36:12:36:47":17,"s:38:8:38:Infinity":18,"f:41:4:41:8":6,"s:42:18:42:46":19,"b:43:8:43:Infinity:undefined:undefined:undefined:undefined":1,"s:43:8:43:Infinity":20,"s:43:16:43:Infinity":21,"s:44:8:44:Infinity":22,"s:46:8:46:Infinity":23,"s:47:8:47:Infinity":24,"s:49:8:49:Infinity":25,"f:52:4:52:10":7,"s:53:27:53:56":26,"s:54:26:54:72":27,"s:55:27:55:64":28,"s:57:24:57:73":29,"f:57:24:57:25":8,"s:57:30:57:72":30,"b:57:46:57:68:57:71:57:72":2,"b:59:8:63:Infinity:undefined:undefined:undefined:undefined":3,"s:59:8:63:Infinity":31,"s:60:12:60:Infinity":32,"s:61:12:61:Infinity":33,"s:62:12:62:Infinity":34,"s:65:8:65:Infinity":35,"s:66:8:111:Infinity":36,"f:67:12:67:13":9,"s:67:26:110:13":37,"s:112:8:122:Infinity":38,"f:112:27:112:28":10,"s:113:12:113:Infinity":39,"f:113:95:113:96":11,"s:113:101:113:123":40,"s:114:12:114:Infinity":41,"f:114:95:114:96":12,"s:114:101:114:123":42,"s:115:12:120:Infinity":43,"f:115:97:115:98":13,"s:115:103:119:Infinity":44,"f:115:148:115:149":14,"s:116:20:116:Infinity":45,"s:117:20:117:Infinity":46,"s:118:20:118:Infinity":47,"s:121:12:121:Infinity":48,"f:121:97:121:98":15,"s:121:103:121:147":49}}}
,"/Users/ruben/Documents/Etudes/3eme_annee/SAE_Embedding/GlossAI/frontend/src/lib/parser.js": {"path":"/Users/ruben/Documents/Etudes/3eme_annee/SAE_Embedding/GlossAI/frontend/src/lib/parser.js","statementMap":{"0":{"start":{"line":3,"column":17},"end":{"line":7,"column":3}},"1":{"start":{"line":9,"column":23},"end":{"line":9,"column":34}},"2":{"start":{"line":11,"column":2},"end":{"line":35,"column":null}},"3":{"start":{"line":18,"column":6},"end":{"line":20,"column":null}},"4":{"start":{"line":21,"column":6},"end":{"line":21,"column":null}},"5":{"start":{"line":23,"column":6},"end":{"line":26,"column":null}},"6":{"start":{"line":27,"column":6},"end":{"line":27,"column":null}},"7":{"start":{"line":29,"column":6},"end":{"line":32,"column":null}},"8":{"start":{"line":34,"column":6},"end":{"line":34,"column":null}},"9":{"start":{"line":37,"column":19},"end":{"line":67,"column":3}},"10":{"start":{"line":69,"column":15},"end":{"line":69,"column":37}},"11":{"start":{"line":71,"column":2},"end":{"line":74,"column":null}},"12":{"start":{"line":72,"column":4},"end":{"line":72,"column":null}},"13":{"start":{"line":78,"column":2},"end":{"line":84,"column":null}},"14":{"start":{"line":79,"column":22},"end":{"line":79,"column":30}},"15":{"start":{"line":81,"column":4},"end":{"line":83,"column":null}},"16":{"start":{"line":82,"column":6},"end":{"line":82,"column":null}},"17":{"start":{"line":87,"column":2},"end":{"line":87,"column":null}},"18":{"start":{"line":88,"column":2},"end":{"line":95,"column":null}},"19":{"start":{"line":90,"column":25},"end":{"line":90,"column":69}},"20":{"start":{"line":91,"column":4},"end":{"line":94,"column":null}},"21":{"start":{"line":93,"column":6},"end":{"line":93,"column":null}},"22":{"start":{"line":97,"column":2},"end":{"line":97,"column":null}}},"fnMap":{"0":{"name":"parseCodeFile","decl":{"start":{"line":2,"column":9},"end":{"line":2,"column":22}},"loc":{"start":{"line":2,"column":46},"end":{"line":98,"column":null}},"line":2}},"branchMap":{"0":{"loc":{"start":{"line":11,"column":2},"end":{"line":35,"column":null}},"type":"switch","locations":[{"start":{"line":12,"column":4},"end":{"line":12,"column":null}},{"start":{"line":13,"column":4},"end":{"line":13,"column":null}},{"start":{"line":14,"column":4},"end":{"line":14,"column":null}},{"start":{"line":15,"column":4},"end":{"line":15,"column":null}},{"start":{"line":17,"column":4},"end":{"line":21,"column":null}},{"start":{"line":22,"column":4},"end":{"line":27,"column":null}},{"start":{"line":28,"column":4},"end":{"line":34,"column":null}}],"line":11},"1":{"loc":{"start":{"line":71,"column":2},"end":{"line":74,"column":null}},"type":"if","locations":[{"start":{"line":71,"column":2},"end":{"line":74,"column":null}},{"start":{},"end":{}}],"line":71},"2":{"loc":{"start":{"line":81,"column":4},"end":{"line":83,"column":null}},"type":"if","locations":[{"start":{"line":81,"column":4},"end":{"line":83,"column":null}},{"start":{},"end":{}}],"line":81},"3":{"loc":{"start":{"line":81,"column":8},"end":{"line":81,"column":56}},"type":"binary-expr","locations":[{"start":{"line":81,"column":8},"end":{"line":81,"column":17}},{"start":{"line":81,"column":21},"end":{"line":81,"column":56}}],"line":81},"4":{"loc":{"start":{"line":90,"column":25},"end":{"line":90,"column":69}},"type":"binary-expr","locations":[{"start":{"line":90,"column":25},"end":{"line":90,"column":33}},{"start":{"line":90,"column":37},"end":{"line":90,"column":45}},{"start":{"line":90,"column":49},"end":{"line":90,"column":57}},{"start":{"line":90,"column":61},"end":{"line":90,"column":69}}],"line":90},"5":{"loc":{"start":{"line":91,"column":4},"end":{"line":94,"column":null}},"type":"if","locations":[{"start":{"line":91,"column":4},"end":{"line":94,"column":null}},{"start":{},"end":{}}],"line":91},"6":{"loc":{"start":{"line":91,"column":8},"end":{"line":91,"column":64}},"type":"binary-expr","locations":[{"start":{"line":91,"column":8},"end":{"line":91,"column":20}},{"start":{"line":91,"column":24},"end":{"line":91,"column":64}}],"line":91}},"s":{"0":0,"1":0,"2":0,"3":0,"4":0,"5":0,"6":0,"7":0,"8":0,"9":0,"10":0,"11":0,"12":0,"13":0,"14":0,"15":0,"16":0,"17":0,"18":0,"19":0,"20":0,"21":0,"22":0},"f":{"0":0},"b":{"0":[0,0,0,0,0,0,0],"1":[0,0],"2":[0,0],"3":[0,0],"4":[0,0,0,0],"5":[0,0],"6":[0,0]},"meta":{"lastBranch":7,"lastFunction":1,"lastStatement":23,"seen":{"f:2:9:2:22":0,"s:3:17:7:3":0,"s:9:23:9:34":1,"b:12:4:12:Infinity:13:4:13:Infinity:14:4:14:Infinity:15:4:15:Infinity:17:4:21:Infinity:22:4:27:Infinity:28:4:34:Infinity":0,"s:11:2:35:Infinity":2,"s:18:6:20:Infinity":3,"s:21:6:21:Infinity":4,"s:23:6:26:Infinity":5,"s:27:6:27:Infinity":6,"s:29:6:32:Infinity":7,"s:34:6:34:Infinity":8,"s:37:19:67:3":9,"s:69:15:69:37":10,"b:71:2:74:Infinity:undefined:undefined:undefined:undefined":1,"s:71:2:74:Infinity":11,"s:72:4:72:Infinity":12,"s:78:2:84:Infinity":13,"s:79:22:79:30":14,"b:81:4:83:Infinity:undefined:undefined:undefined:undefined":2,"s:81:4:83:Infinity":15,"b:81:8:81:17:81:21:81:56":3,"s:82:6:82:Infinity":16,"s:87:2:87:Infinity":17,"s:88:2:95:Infinity":18,"s:90:25:90:69":19,"b:90:25:90:33:90:37:90:45:90:49:90:57:90:61:90:69":4,"b:91:4:94:Infinity:undefined:undefined:undefined:undefined":5,"s:91:4:94:Infinity":20,"b:91:8:91:20:91:24:91:64":6,"s:93:6:93:Infinity":21,"s:97:2:97:Infinity":22}}}
}
